<?xml version="1.0" encoding="UTF-8"?>
<!-- Generated by org.testng.reporters.JUnitReportReporter -->
<testsuite hostname="ulaptop" failures="0" tests="67" name="testrunners.MyTestRunner" time="39.283" errors="0" timestamp="2023-07-25T17:53:47 CDT" skipped="0">
  <testcase classname="testrunners.MyTestRunner" name="runScenario" time="0.628"/>
  <testcase classname="testrunners.MyTestRunner" name="runScenario" time="0.443"/>
  <testcase classname="testrunners.MyTestRunner" name="runScenario" time="0.409"/>
  <testcase classname="testrunners.MyTestRunner" name="runScenario" time="1.288"/>
  <testcase classname="testrunners.MyTestRunner" name="runScenario" time="0.545"/>
  <testcase classname="testrunners.MyTestRunner" name="runScenario" time="1.997"/>
  <testcase classname="testrunners.MyTestRunner" name="runScenario" time="0.023"/>
  <testcase classname="testrunners.MyTestRunner" name="runScenario" time="0.528"/>
  <testcase classname="testrunners.MyTestRunner" name="runScenario" time="0.028"/>
  <testcase classname="testrunners.MyTestRunner" name="runScenario" time="0.760"/>
  <testcase classname="testrunners.MyTestRunner" name="runScenario" time="0.037"/>
  <testcase classname="testrunners.MyTestRunner" name="runScenario" time="0.024"/>
  <testcase classname="testrunners.MyTestRunner" name="runScenario" time="0.021"/>
  <testcase classname="testrunners.MyTestRunner" name="runScenario" time="0.056"/>
  <testcase classname="testrunners.MyTestRunner" name="runScenario" time="0.683"/>
  <testcase classname="testrunners.MyTestRunner" name="runScenario" time="0.849"/>
  <testcase classname="testrunners.MyTestRunner" name="runScenario" time="0.500"/>
  <testcase classname="testrunners.MyTestRunner" name="runScenario" time="0.030"/>
  <testcase classname="testrunners.MyTestRunner" name="runScenario" time="0.635"/>
  <testcase classname="testrunners.MyTestRunner" name="runScenario" time="0.523"/>
  <testcase classname="testrunners.MyTestRunner" name="runScenario" time="0.379"/>
  <testcase classname="testrunners.MyTestRunner" name="runScenario" time="0.617"/>
  <testcase classname="testrunners.MyTestRunner" name="runScenario" time="2.580"/>
  <testcase classname="testrunners.MyTestRunner" name="runScenario" time="0.704"/>
  <testcase classname="testrunners.MyTestRunner" name="runScenario" time="0.065"/>
  <testcase classname="testrunners.MyTestRunner" name="runScenario" time="0.581"/>
  <testcase classname="testrunners.MyTestRunner" name="runScenario" time="1.720"/>
  <testcase classname="testrunners.MyTestRunner" name="runScenario" time="0.282"/>
  <testcase classname="testrunners.MyTestRunner" name="runScenario" time="0.057"/>
  <testcase classname="testrunners.MyTestRunner" name="runScenario" time="0.508"/>
  <testcase classname="testrunners.MyTestRunner" name="runScenario" time="0.028"/>
  <testcase classname="testrunners.MyTestRunner" name="runScenario" time="0.836"/>
  <testcase classname="testrunners.MyTestRunner" name="runScenario" time="0.020"/>
  <testcase classname="testrunners.MyTestRunner" name="runScenario" time="0.437"/>
  <testcase classname="testrunners.MyTestRunner" name="runScenario" time="0.950"/>
  <testcase classname="testrunners.MyTestRunner" name="runScenario" time="0.398"/>
  <testcase classname="testrunners.MyTestRunner" name="runScenario" time="0.544"/>
  <testcase classname="testrunners.MyTestRunner" name="runScenario" time="0.055"/>
  <testcase classname="testrunners.MyTestRunner" name="runScenario" time="0.022"/>
  <testcase classname="testrunners.MyTestRunner" name="runScenario" time="0.323"/>
  <testcase classname="testrunners.MyTestRunner" name="runScenario" time="0.387"/>
  <testcase classname="testrunners.MyTestRunner" name="runScenario" time="3.875"/>
  <testcase classname="testrunners.MyTestRunner" name="runScenario" time="0.155"/>
  <testcase classname="testrunners.MyTestRunner" name="runScenario" time="0.343"/>
  <testcase classname="testrunners.MyTestRunner" name="runScenario" time="0.012"/>
  <testcase classname="testrunners.MyTestRunner" name="runScenario" time="0.028"/>
  <testcase classname="testrunners.MyTestRunner" name="runScenario" time="0.022"/>
  <testcase classname="testrunners.MyTestRunner" name="runScenario" time="0.519"/>
  <testcase classname="testrunners.MyTestRunner" name="runScenario" time="0.384"/>
  <testcase classname="testrunners.MyTestRunner" name="runScenario" time="0.624"/>
  <testcase classname="testrunners.MyTestRunner" name="runScenario" time="0.316"/>
  <testcase classname="testrunners.MyTestRunner" name="runScenario" time="0.432"/>
  <testcase classname="testrunners.MyTestRunner" name="runScenario" time="0.048"/>
  <testcase classname="testrunners.MyTestRunner" name="runScenario" time="0.536"/>
  <testcase classname="testrunners.MyTestRunner" name="runScenario" time="0.543"/>
  <testcase classname="testrunners.MyTestRunner" name="runScenario" time="1.883"/>
  <testcase classname="testrunners.MyTestRunner" name="runScenario" time="1.726"/>
  <testcase classname="testrunners.MyTestRunner" name="runScenario" time="0.759"/>
  <testcase classname="testrunners.MyTestRunner" name="runScenario" time="0.447"/>
  <testcase classname="testrunners.MyTestRunner" name="runScenario" time="0.227"/>
  <testcase classname="testrunners.MyTestRunner" name="runScenario" time="0.602"/>
  <testcase classname="testrunners.MyTestRunner" name="runScenario" time="0.027"/>
  <testcase classname="testrunners.MyTestRunner" name="runScenario" time="0.601"/>
  <testcase classname="testrunners.MyTestRunner" name="runScenario" time="0.495"/>
  <testcase classname="testrunners.MyTestRunner" name="runScenario" time="2.062"/>
  <testcase classname="testrunners.MyTestRunner" name="runScenario" time="0.030"/>
  <testcase classname="testrunners.MyTestRunner" name="runScenario" time="1.087"/>
</testsuite> <!-- testrunners.MyTestRunner -->
