<?xml version="1.0" encoding="UTF-8"?>
<!-- Generated by org.testng.reporters.JUnitReportReporter -->
<testsuite hostname="ulaptop" failures="0" tests="173" name="testrunners.MyTestRunner" time="114.206" errors="0" timestamp="2023-07-31T14:14:57 CDT" skipped="0">
  <testcase classname="testrunners.MyTestRunner" name="runScenario" time="0.193"/>
  <testcase classname="testrunners.MyTestRunner" name="runScenario" time="1.096"/>
  <testcase classname="testrunners.MyTestRunner" name="runScenario" time="0.211"/>
  <testcase classname="testrunners.MyTestRunner" name="runScenario" time="0.469"/>
  <testcase classname="testrunners.MyTestRunner" name="runScenario" time="0.250"/>
  <testcase classname="testrunners.MyTestRunner" name="runScenario" time="0.851"/>
  <testcase classname="testrunners.MyTestRunner" name="runScenario" time="0.188"/>
  <testcase classname="testrunners.MyTestRunner" name="runScenario" time="0.630"/>
  <testcase classname="testrunners.MyTestRunner" name="runScenario" time="0.564"/>
  <testcase classname="testrunners.MyTestRunner" name="runScenario" time="0.981"/>
  <testcase classname="testrunners.MyTestRunner" name="runScenario" time="0.546"/>
  <testcase classname="testrunners.MyTestRunner" name="runScenario" time="1.020"/>
  <testcase classname="testrunners.MyTestRunner" name="runScenario" time="1.099"/>
  <testcase classname="testrunners.MyTestRunner" name="runScenario" time="0.941"/>
  <testcase classname="testrunners.MyTestRunner" name="runScenario" time="0.901"/>
  <testcase classname="testrunners.MyTestRunner" name="runScenario" time="0.559"/>
  <testcase classname="testrunners.MyTestRunner" name="runScenario" time="1.171"/>
  <testcase classname="testrunners.MyTestRunner" name="runScenario" time="0.310"/>
  <testcase classname="testrunners.MyTestRunner" name="runScenario" time="2.547"/>
  <testcase classname="testrunners.MyTestRunner" name="runScenario" time="0.886"/>
  <testcase classname="testrunners.MyTestRunner" name="runScenario" time="0.319"/>
  <testcase classname="testrunners.MyTestRunner" name="runScenario" time="0.317"/>
  <testcase classname="testrunners.MyTestRunner" name="runScenario" time="0.328"/>
  <testcase classname="testrunners.MyTestRunner" name="runScenario" time="0.451"/>
  <testcase classname="testrunners.MyTestRunner" name="runScenario" time="0.366"/>
  <testcase classname="testrunners.MyTestRunner" name="runScenario" time="0.990"/>
  <testcase classname="testrunners.MyTestRunner" name="runScenario" time="0.278"/>
  <testcase classname="testrunners.MyTestRunner" name="runScenario" time="0.230"/>
  <testcase classname="testrunners.MyTestRunner" name="runScenario" time="0.669"/>
  <testcase classname="testrunners.MyTestRunner" name="runScenario" time="0.493"/>
  <testcase classname="testrunners.MyTestRunner" name="runScenario" time="1.032"/>
  <testcase classname="testrunners.MyTestRunner" name="runScenario" time="1.165"/>
  <testcase classname="testrunners.MyTestRunner" name="runScenario" time="0.464"/>
  <testcase classname="testrunners.MyTestRunner" name="runScenario" time="0.972"/>
  <testcase classname="testrunners.MyTestRunner" name="runScenario" time="0.143"/>
  <testcase classname="testrunners.MyTestRunner" name="runScenario" time="0.200"/>
  <testcase classname="testrunners.MyTestRunner" name="runScenario" time="0.631"/>
  <testcase classname="testrunners.MyTestRunner" name="runScenario" time="1.089"/>
  <testcase classname="testrunners.MyTestRunner" name="runScenario" time="0.259"/>
  <testcase classname="testrunners.MyTestRunner" name="runScenario" time="1.035"/>
  <testcase classname="testrunners.MyTestRunner" name="runScenario" time="1.733"/>
  <testcase classname="testrunners.MyTestRunner" name="runScenario" time="0.215"/>
  <testcase classname="testrunners.MyTestRunner" name="runScenario" time="0.957"/>
  <testcase classname="testrunners.MyTestRunner" name="runScenario" time="0.273"/>
  <testcase classname="testrunners.MyTestRunner" name="runScenario" time="0.428"/>
  <testcase classname="testrunners.MyTestRunner" name="runScenario" time="0.716"/>
  <testcase classname="testrunners.MyTestRunner" name="runScenario" time="0.558"/>
  <testcase classname="testrunners.MyTestRunner" name="runScenario" time="0.504"/>
  <testcase classname="testrunners.MyTestRunner" name="runScenario" time="1.003"/>
  <testcase classname="testrunners.MyTestRunner" name="runScenario" time="0.275"/>
  <testcase classname="testrunners.MyTestRunner" name="runScenario" time="0.422"/>
  <testcase classname="testrunners.MyTestRunner" name="runScenario" time="0.367"/>
  <testcase classname="testrunners.MyTestRunner" name="runScenario" time="0.496"/>
  <testcase classname="testrunners.MyTestRunner" name="runScenario" time="1.213"/>
  <testcase classname="testrunners.MyTestRunner" name="runScenario" time="1.058"/>
  <testcase classname="testrunners.MyTestRunner" name="runScenario" time="0.760"/>
  <testcase classname="testrunners.MyTestRunner" name="runScenario" time="0.903"/>
  <testcase classname="testrunners.MyTestRunner" name="runScenario" time="0.443"/>
  <testcase classname="testrunners.MyTestRunner" name="runScenario" time="0.643"/>
  <testcase classname="testrunners.MyTestRunner" name="runScenario" time="0.695"/>
  <testcase classname="testrunners.MyTestRunner" name="runScenario" time="0.879"/>
  <testcase classname="testrunners.MyTestRunner" name="runScenario" time="0.601"/>
  <testcase classname="testrunners.MyTestRunner" name="runScenario" time="0.281"/>
  <testcase classname="testrunners.MyTestRunner" name="runScenario" time="0.901"/>
  <testcase classname="testrunners.MyTestRunner" name="runScenario" time="0.908"/>
  <testcase classname="testrunners.MyTestRunner" name="runScenario" time="1.064"/>
  <testcase classname="testrunners.MyTestRunner" name="runScenario" time="0.875"/>
  <testcase classname="testrunners.MyTestRunner" name="runScenario" time="0.331"/>
  <testcase classname="testrunners.MyTestRunner" name="runScenario" time="0.373"/>
  <testcase classname="testrunners.MyTestRunner" name="runScenario" time="0.201"/>
  <testcase classname="testrunners.MyTestRunner" name="runScenario" time="0.553"/>
  <testcase classname="testrunners.MyTestRunner" name="runScenario" time="0.496"/>
  <testcase classname="testrunners.MyTestRunner" name="runScenario" time="0.752"/>
  <testcase classname="testrunners.MyTestRunner" name="runScenario" time="0.360"/>
  <testcase classname="testrunners.MyTestRunner" name="runScenario" time="0.504"/>
  <testcase classname="testrunners.MyTestRunner" name="runScenario" time="0.399"/>
  <testcase classname="testrunners.MyTestRunner" name="runScenario" time="1.820"/>
  <testcase classname="testrunners.MyTestRunner" name="runScenario" time="0.287"/>
  <testcase classname="testrunners.MyTestRunner" name="runScenario" time="0.302"/>
  <testcase classname="testrunners.MyTestRunner" name="runScenario" time="1.201"/>
  <testcase classname="testrunners.MyTestRunner" name="runScenario" time="0.971"/>
  <testcase classname="testrunners.MyTestRunner" name="runScenario" time="0.597"/>
  <testcase classname="testrunners.MyTestRunner" name="runScenario" time="0.605"/>
  <testcase classname="testrunners.MyTestRunner" name="runScenario" time="0.805"/>
  <testcase classname="testrunners.MyTestRunner" name="runScenario" time="0.427"/>
  <testcase classname="testrunners.MyTestRunner" name="runScenario" time="0.727"/>
  <testcase classname="testrunners.MyTestRunner" name="runScenario" time="0.383"/>
  <testcase classname="testrunners.MyTestRunner" name="runScenario" time="0.537"/>
  <testcase classname="testrunners.MyTestRunner" name="runScenario" time="0.565"/>
  <testcase classname="testrunners.MyTestRunner" name="runScenario" time="0.428"/>
  <testcase classname="testrunners.MyTestRunner" name="runScenario" time="1.000"/>
  <testcase classname="testrunners.MyTestRunner" name="runScenario" time="1.062"/>
  <testcase classname="testrunners.MyTestRunner" name="runScenario" time="1.115"/>
  <testcase classname="testrunners.MyTestRunner" name="runScenario" time="0.568"/>
  <testcase classname="testrunners.MyTestRunner" name="runScenario" time="0.427"/>
  <testcase classname="testrunners.MyTestRunner" name="runScenario" time="0.484"/>
  <testcase classname="testrunners.MyTestRunner" name="runScenario" time="0.259"/>
  <testcase classname="testrunners.MyTestRunner" name="runScenario" time="0.327"/>
  <testcase classname="testrunners.MyTestRunner" name="runScenario" time="0.960"/>
  <testcase classname="testrunners.MyTestRunner" name="runScenario" time="0.368"/>
  <testcase classname="testrunners.MyTestRunner" name="runScenario" time="0.640"/>
  <testcase classname="testrunners.MyTestRunner" name="runScenario" time="0.621"/>
  <testcase classname="testrunners.MyTestRunner" name="runScenario" time="0.935"/>
  <testcase classname="testrunners.MyTestRunner" name="runScenario" time="0.297"/>
  <testcase classname="testrunners.MyTestRunner" name="runScenario" time="1.652"/>
  <testcase classname="testrunners.MyTestRunner" name="runScenario" time="0.710"/>
  <testcase classname="testrunners.MyTestRunner" name="runScenario" time="0.743"/>
  <testcase classname="testrunners.MyTestRunner" name="runScenario" time="0.499"/>
  <testcase classname="testrunners.MyTestRunner" name="runScenario" time="0.643"/>
  <testcase classname="testrunners.MyTestRunner" name="runScenario" time="0.369"/>
  <testcase classname="testrunners.MyTestRunner" name="runScenario" time="0.325"/>
  <testcase classname="testrunners.MyTestRunner" name="runScenario" time="0.315"/>
  <testcase classname="testrunners.MyTestRunner" name="runScenario" time="0.882"/>
  <testcase classname="testrunners.MyTestRunner" name="runScenario" time="1.020"/>
  <testcase classname="testrunners.MyTestRunner" name="runScenario" time="0.186"/>
  <testcase classname="testrunners.MyTestRunner" name="runScenario" time="0.390"/>
  <testcase classname="testrunners.MyTestRunner" name="runScenario" time="0.713"/>
  <testcase classname="testrunners.MyTestRunner" name="runScenario" time="1.231"/>
  <testcase classname="testrunners.MyTestRunner" name="runScenario" time="0.440"/>
  <testcase classname="testrunners.MyTestRunner" name="runScenario" time="0.303"/>
  <testcase classname="testrunners.MyTestRunner" name="runScenario" time="0.863"/>
  <testcase classname="testrunners.MyTestRunner" name="runScenario" time="0.553"/>
  <testcase classname="testrunners.MyTestRunner" name="runScenario" time="0.200"/>
  <testcase classname="testrunners.MyTestRunner" name="runScenario" time="1.057"/>
  <testcase classname="testrunners.MyTestRunner" name="runScenario" time="0.424"/>
  <testcase classname="testrunners.MyTestRunner" name="runScenario" time="0.660"/>
  <testcase classname="testrunners.MyTestRunner" name="runScenario" time="0.515"/>
  <testcase classname="testrunners.MyTestRunner" name="runScenario" time="0.258"/>
  <testcase classname="testrunners.MyTestRunner" name="runScenario" time="0.691"/>
  <testcase classname="testrunners.MyTestRunner" name="runScenario" time="1.002"/>
  <testcase classname="testrunners.MyTestRunner" name="runScenario" time="0.242"/>
  <testcase classname="testrunners.MyTestRunner" name="runScenario" time="0.323"/>
  <testcase classname="testrunners.MyTestRunner" name="runScenario" time="0.540"/>
  <testcase classname="testrunners.MyTestRunner" name="runScenario" time="0.904"/>
  <testcase classname="testrunners.MyTestRunner" name="runScenario" time="0.984"/>
  <testcase classname="testrunners.MyTestRunner" name="runScenario" time="1.712"/>
  <testcase classname="testrunners.MyTestRunner" name="runScenario" time="0.301"/>
  <testcase classname="testrunners.MyTestRunner" name="runScenario" time="0.835"/>
  <testcase classname="testrunners.MyTestRunner" name="runScenario" time="0.173"/>
  <testcase classname="testrunners.MyTestRunner" name="runScenario" time="4.069"/>
  <testcase classname="testrunners.MyTestRunner" name="runScenario" time="0.507"/>
  <testcase classname="testrunners.MyTestRunner" name="runScenario" time="0.278"/>
  <testcase classname="testrunners.MyTestRunner" name="runScenario" time="0.443"/>
  <testcase classname="testrunners.MyTestRunner" name="runScenario" time="0.190"/>
  <testcase classname="testrunners.MyTestRunner" name="runScenario" time="0.495"/>
  <testcase classname="testrunners.MyTestRunner" name="runScenario" time="0.507"/>
  <testcase classname="testrunners.MyTestRunner" name="runScenario" time="0.572"/>
  <testcase classname="testrunners.MyTestRunner" name="runScenario" time="0.585"/>
  <testcase classname="testrunners.MyTestRunner" name="runScenario" time="0.515"/>
  <testcase classname="testrunners.MyTestRunner" name="runScenario" time="0.452"/>
  <testcase classname="testrunners.MyTestRunner" name="runScenario" time="0.509"/>
  <testcase classname="testrunners.MyTestRunner" name="runScenario" time="1.040"/>
  <testcase classname="testrunners.MyTestRunner" name="runScenario" time="0.263"/>
  <testcase classname="testrunners.MyTestRunner" name="runScenario" time="0.189"/>
  <testcase classname="testrunners.MyTestRunner" name="runScenario" time="1.204"/>
  <testcase classname="testrunners.MyTestRunner" name="runScenario" time="0.313"/>
  <testcase classname="testrunners.MyTestRunner" name="runScenario" time="1.298"/>
  <testcase classname="testrunners.MyTestRunner" name="runScenario" time="0.369"/>
  <testcase classname="testrunners.MyTestRunner" name="runScenario" time="0.495"/>
  <testcase classname="testrunners.MyTestRunner" name="runScenario" time="0.798"/>
  <testcase classname="testrunners.MyTestRunner" name="runScenario" time="0.316"/>
  <testcase classname="testrunners.MyTestRunner" name="runScenario" time="0.407"/>
  <testcase classname="testrunners.MyTestRunner" name="runScenario" time="0.368"/>
  <testcase classname="testrunners.MyTestRunner" name="runScenario" time="0.304"/>
  <testcase classname="testrunners.MyTestRunner" name="runScenario" time="0.415"/>
  <testcase classname="testrunners.MyTestRunner" name="runScenario" time="0.578"/>
  <testcase classname="testrunners.MyTestRunner" name="runScenario" time="0.314"/>
  <testcase classname="testrunners.MyTestRunner" name="runScenario" time="0.755"/>
  <testcase classname="testrunners.MyTestRunner" name="runScenario" time="0.267"/>
  <testcase classname="testrunners.MyTestRunner" name="runScenario" time="0.780"/>
  <testcase classname="testrunners.MyTestRunner" name="runScenario" time="0.650"/>
  <testcase classname="testrunners.MyTestRunner" name="runScenario" time="0.411"/>
  <testcase classname="testrunners.MyTestRunner" name="runScenario" time="2.190"/>
</testsuite> <!-- testrunners.MyTestRunner -->
